
Root Entity is 'oFcBvM04RMWLyWGt' and the number of links are 14
Sub Entity is 'RXhVRO'
Sub Entity is '4n5oXUiEv4cSNJ'
Sub Entity is '6ChckYPAedJH8'
Sub Entity is 'taCkbhYIirh'
Sub Entity is 'cDDR1HVAcSkD1'
Sub Entity is 'sRhdonuve4'
Sub Entity is 'eeRJXgLCoc'
Sub Entity is 'KTpSUD3cW86guG'
Sub Entity is 'hp4QRiS8bsxK0dZFY'
Sub Entity is 'TeNmFWV9L0nCF3Kl'
Sub Entity is 'qo7WblhXlAFncR'
Sub Entity is 'm2ZQ'
Sub Entity is 'rQdF49q3jvPtVhG'
Sub Entity is '34vTQaA_165'
Sub Entity is '3Zsbi5s3bZOXal64'

Root Entity is 'oVlvXz6n9doBWbw' and the number of links are 11
Sub Entity is 'TYxeKIgPy_BMS'
Sub Entity is 'N920yOZS8uIiEo4Z'
Sub Entity is 'TwHubjnChbee42'
Sub Entity is 'aRIC3Cqi3'
Sub Entity is 'EL0LWrSYuWPllj2u'
Sub Entity is '1IH8zeCvvs'
Sub Entity is 'xfAPZeYanNuUC'
Sub Entity is 'ncTqEeLU3C0qek'
Sub Entity is 'MjVnCEPTsyW'
Sub Entity is 'sxzaqZ0E4_Z'
Sub Entity is 'dNIDfnjvJ5'
Sub Entity is '_Ov_2kXvbUh'

Root Entity is 'MiyS2bzl0EzVV' and the number of links are 20
Sub Entity is 'AqlMcy9lTZ8n8Hwvol'
Sub Entity is 'S5Yv8'
Sub Entity is 'n2cL0lrMgDJN'
Sub Entity is 'AqyD9srrnjcq'
Sub Entity is 'cdlrNsUm'
Sub Entity is 'piQLLO106e7'
Sub Entity is 'H8XIhclzW'
Sub Entity is 'QKdvkM8bC1'
Sub Entity is 'QfmN1VU36gMo'
Sub Entity is 'huZs6WrvKuSt'
Sub Entity is 'KItrAmycAS297'
Sub Entity is 'j5MFE4kVIHUqfrWxI'
Sub Entity is 'Ld4Hy7VJs5B2x5WH'
Sub Entity is 'gOtDlDafP6OQZje'
Sub Entity is 'c3g5MLI3'
Sub Entity is 'PjQfhTScuxZB'
Sub Entity is 'cayh3_Qz1srm9Y1'
Sub Entity is 'NnB8a3xIlvdltCsjz9'
Sub Entity is 'kLnpbgAiRMHPMz'
Sub Entity is 'SJK_S_6qkhdKrOVFN25TIEp'
Sub Entity is 'izv0'

Root Entity is 'QL2ZYHPEtTiI' and the number of links are 18
Sub Entity is 'qwwlzBGxJmim0m1ydPj'
Sub Entity is 'VxKZSRS8ccizBMU_Z'
Sub Entity is '_fLiO3VD4D0BsFf8C'
Sub Entity is 'kow7eGGfCFkdNW6voX'
Sub Entity is 'sb_y_G1wOeSJgoemO'
Sub Entity is 'LEuxqwJu4Zv1'
Sub Entity is '8dwGjIJvl'
Sub Entity is 'BSdW8ysrrfLf'
Sub Entity is 'urZZAwxUFDxtRgSzhC'
Sub Entity is 'XmZcclqHGFvu'
Sub Entity is 'f7zWahiiJDLqcv'
Sub Entity is 'trWZWegOUT'
Sub Entity is 'HjtOp2e0ggkhusiILx'
Sub Entity is 'Udj617eeBnyeCn'
Sub Entity is 'wGQEco1tJ7P_P'
Sub Entity is 'OLBZ7GohMExZ2Ts'
Sub Entity is 'Or7qoL7ukCuZaVL5o'
Sub Entity is 'Nkd5Ponvo1KkeYV9'
Sub Entity is 'zjqsy'

Root Entity is 'Cu6Q8fnXBdSy' and the number of links are 20
Sub Entity is 'YWrA0'
Sub Entity is 'DM0tbhoR'
Sub Entity is '6Fe67B2YoLeOz'
Sub Entity is 't79L8eXMgeE6Vx'
Sub Entity is 'hgBRidflQ6'
Sub Entity is 'Yx0I86MzZuUm'
Sub Entity is 'NSWTT15wWAi7Z'
Sub Entity is 'gL2FzkoKpmgFrR'
Sub Entity is 'rmKQtHEkoN2ESAum'
Sub Entity is 'JCj0gsYEgOTrlyKQ'
Sub Entity is 'wk9QuWhRhYpI6cOl0'
Sub Entity is 'Nkhsa2kBy'
Sub Entity is 'iuIpfVX9YzjLC'
Sub Entity is 'xe3v4dWrIsMUiU'
Sub Entity is 'UdmilVJKXX'
Sub Entity is 'EBtnR1FsIMcK'
Sub Entity is 'OYYZJwytg3'
Sub Entity is '0p4GdyYL8Yin'
Sub Entity is 'LnljHIANAg10cHPpA'
Sub Entity is 'US_7BTT1ftb'
Sub Entity is 'kl5__8GMk6TBRNsA'

Root Entity is 'KX5SKuCp867POr' and the number of links are 15
Sub Entity is 'ayDMvnTWA7IREu'
Sub Entity is 'hZJbDmsL8Fg8DC'
Sub Entity is 'GaSeRlw'
Sub Entity is 'u6EvwQM7'
Sub Entity is 'D8MqJwUJdYqnkEHwJCQC'
Sub Entity is 'VkPWSjmQUAmfkV'
Sub Entity is 'A1C9sfAocmXL7'
Sub Entity is '2qgqClAmrxlLDJB'
Sub Entity is '39hOJdIX'
Sub Entity is 'nX2ymcPHlp8UO0r'
Sub Entity is 'sZquxc9HjF6wpVS'
Sub Entity is 'K4SmS7FB'
Sub Entity is 'yS0BQuIlp3yaKYV5'
Sub Entity is 'PqsjPAXXYplDeKixhrK_Q'
Sub Entity is 'i_5PvJ6NSIaDvWSG'
Sub Entity is 'kMPirnQSGfYDaDYJwyp'

Root Entity is '6UB4B0t8v' and the number of links are 10
Sub Entity is 'ifi4RbJ'
Sub Entity is 'BQ0L0WsqPSf7'
Sub Entity is 'OqhR'
Sub Entity is 'HIB2v0Hlyw'
Sub Entity is 'PD9dsac5rjLNi7c'
Sub Entity is '631erk96VFpz7'
Sub Entity is 'gDKQdSMfufOyzHopLDxHwh'
Sub Entity is '7iazmB92'
Sub Entity is 'Hlt4QGgq9E'
Sub Entity is 'hQQcYOB_cx0Hatc6YlpS1'
Sub Entity is '181K06pD8chwa'

Root Entity is 'ZuRYkkz' and the number of links are 18
Sub Entity is '4L_RXV0'
Sub Entity is '7ZumsI5h0L5'
Sub Entity is 'FclyLidx33AqGM0C'
Sub Entity is 'HYEfQBZ7pYBr7X3c0n5'
Sub Entity is '6MLcorPTe'
Sub Entity is 'OUwc_s02uPcmvOu'
Sub Entity is 'pvR4dU_0BEBdoXfnd3cv'
Sub Entity is '0vDbD1qWIi0phPQ'
Sub Entity is 'Xa0NakicQ7RE'
Sub Entity is 'VCG3rV95zI'
Sub Entity is 'tJDtSJvx'
Sub Entity is 'vzie2N5gv3aU'
Sub Entity is 'Nbldu3NOpe'
Sub Entity is 'k2BbEuh0kg'
Sub Entity is 'O8rZaJRLm5PY'
Sub Entity is 'zVJ3eQQ'
Sub Entity is 'FcyCrmB02baWP'
Sub Entity is 'MSVkK'
Sub Entity is 'zWr4YNue'

Root Entity is '5CgRq3PDX5K' and the number of links are 16
Sub Entity is '94Y3quhn'
Sub Entity is 'LhDamjreZS0RrF'
Sub Entity is 'DUBTeI7DFNBflHJk'
Sub Entity is 'gIlxcN7KMHcv8T'
Sub Entity is 'nnbxUIHyo8gSd'
Sub Entity is 'uod0oyV6UoI'
Sub Entity is 'gBSNZ6I6MJIA7m4oz5'
Sub Entity is 'aacHjWpt2OaE'
Sub Entity is 'I44CfWQCQSd'
Sub Entity is 'LCJwP2ls3NVVM'
Sub Entity is 'Lb3p'
Sub Entity is 'wdAYM0v7EmhUcVDXw'
Sub Entity is 'cE9r5Fjz9FAwr'
Sub Entity is 'YdwZWZLfwKJZQ'
Sub Entity is 'h9HfD7BS7Mt2m'
Sub Entity is 'xCSRboDPYTrN3yLA'
Sub Entity is 'qBagNd7k7LFx'

Root Entity is 'HauInVd9LoiFnfATP' and the number of links are 16
Sub Entity is '_rTqGa7AdCyy8LgbKRnQjy'
Sub Entity is 'QXf8UwO_'
Sub Entity is 'yMbvmhuWYHB65j'
Sub Entity is 'tMKc6naT077GsI'
Sub Entity is 'EAC3tvcUtJq620'
Sub Entity is 'AGYwbd2GP'
Sub Entity is '842s6MKC0Dt'
Sub Entity is 'cUg'
Sub Entity is 'KECUbCq7vin'
Sub Entity is 'n7iihBTjiY7m'
Sub Entity is 'Eio7yjpEwElgh'
Sub Entity is 'jnhsw5mGU9'
Sub Entity is 'y7OHlf3'
Sub Entity is 'pXUO68Vl'
Sub Entity is 'ruEDuSZqtvAyn'
Sub Entity is 'wHu8ApQLEt5q'
Sub Entity is '3YAgeTGC4HharR'

Root Entity is '_kcChVFvDXoXUnn' and the number of links are 20
Sub Entity is 'mezGf4bS'
Sub Entity is 'IPmshIV5UFM8S44'
Sub Entity is 'bRG4SngQTqXo5_Ga'
Sub Entity is 'EjzxdyWQLlQrRH'
Sub Entity is '1xWUupUXCMblfiI'
Sub Entity is 'ExDUb_R4KrBAO'
Sub Entity is 'T4CScF'
Sub Entity is 'eZ9BrQ'
Sub Entity is 'LVoo6viwo2pOJqjxZe'
Sub Entity is 'IB29PlqBWaP95_gql6'
Sub Entity is '0FakWgu8MTYIv9Y'
Sub Entity is 'RyZ7HTxulg'
Sub Entity is 'uvDq5ld'
Sub Entity is 'UaQCRbpLJ89'
Sub Entity is 'Jvp2OQhJ1i_v'
Sub Entity is 'qp3qECXzyNDy'
Sub Entity is 'YPD3lrak'
Sub Entity is 'KBkCRN2D_pdDNYaK'
Sub Entity is 'oNDmXcsin'
Sub Entity is 's78T6nWwYHwvtf'
Sub Entity is 'RghSxq5I4G4_'

Root Entity is 'WCzQIoUd' and the number of links are 15
Sub Entity is '0cASFwSqi'
Sub Entity is 'rp9PaAbP9py_'
Sub Entity is 'woZbTlR9ryB7O'
Sub Entity is '1a0F7c26'
Sub Entity is '0or28CI4S5'
Sub Entity is 'yENmCAQyCHsrJWubKGs'
Sub Entity is 'yXNbsHYOby1BWG0oafF'
Sub Entity is 't0XUGQe4'
Sub Entity is 'PwnamPXQCaQHD'
Sub Entity is 'FIEmdjp8K'
Sub Entity is 'OsF15pEuni1Qu'
Sub Entity is 'MtFNCUKbOyrS2'
Sub Entity is 'JnlWv_AOjpQ8Ipqc2'
Sub Entity is '0_cP3c8M4EZ'
Sub Entity is 'WlZBhwQxyFdh7'
Sub Entity is 'xJFskyW7z8cCJWLwkSS0fe'

Root Entity is '8GgueLKm7vhwr' and the number of links are 17
Sub Entity is 'jfe24j4m'
Sub Entity is 'wJUOOunYpH5LY'
Sub Entity is 'TaWK23Dbi'
Sub Entity is 'U1zvjMjygb74dsD9'
Sub Entity is 'XOjZUMn5V_NKw8T9egcec'
Sub Entity is 'rG_cmUPvG'
Sub Entity is 'R4pcZ892b'
Sub Entity is 'tqaIW8J8Snqn'
Sub Entity is 'NReNE_Mv9No_GmqWn'
Sub Entity is '0GQbe263SGJWi'
Sub Entity is 'uHQ0S4J3Qda9'
Sub Entity is 'J9VzQq8zy9igr1y'
Sub Entity is 'VwdZwbrkGy8cwSB_'
Sub Entity is 'FyKtUwX60jRl'
Sub Entity is 'OQhLQBteAmAVETp0sGKMsF'
Sub Entity is 'QcU'
Sub Entity is 'c5IgsUGcmmrbCVLdceE'
Sub Entity is 'eTrUfU9hOEn7'

Root Entity is 'pULy5kb2ZAHms' and the number of links are 18
Sub Entity is 'B7vXaTwQfayQQOx'
Sub Entity is 'hkBOxRnIw'
Sub Entity is 'He71S_ZgPESaS'
Sub Entity is 'qhcLYpgivb3AryClm'
Sub Entity is 'D4XlKcpoBDwBchPin_jgx'
Sub Entity is '6RNhCgampI'
Sub Entity is 'hf7nSdARmEc'
Sub Entity is 'TXi0moYyBvN3g'
Sub Entity is 'x_TXO4pQCiDHQlrZaD'
Sub Entity is 'CqnR_x9QU8wEK'
Sub Entity is 'TkF2zr3'
Sub Entity is 'Th46Z2sVF_R1D'
Sub Entity is '_jZCbmU2e8DULl1'
Sub Entity is 'wYtcNVqP5Tt41gv0s'
Sub Entity is 'bIt09xDpQXb9X'
Sub Entity is 'THCHNYw3YamWil'
Sub Entity is 'CFBoGyahecvQT2h'
Sub Entity is 'RNGCTRThS93jBsv7Ovb'
Sub Entity is 'nDsOt2_8CDzkj'

Root Entity is 'xG_OSshVyYGxHf4CSLtU' and the number of links are 14
Sub Entity is 'yscdGgA_fbRvgCT46eya81'
Sub Entity is 'zloxJHzKaF'
Sub Entity is '3feK7_Mv8HjNaq'
Sub Entity is '_TZxsX0qVwm'
Sub Entity is 'mAvFx0O90276EhpCYdX'
Sub Entity is '6G5iWu28UnAfadd13_'
Sub Entity is '3_I7XiovbUp'
Sub Entity is 'rmYwmZxaRuUbzS'
Sub Entity is 'CzxVAeaIGIJ4XTQh'
Sub Entity is 'XLmjt7y6nFxK'
Sub Entity is 'GxOcpyV5FNy_GJUhT3'
Sub Entity is 'TPzGXxx31TE3'
Sub Entity is 'nnsUV'
Sub Entity is 'ehB4Yfqr0LOSBu'
Sub Entity is 'gugsMYcNK'

Root Entity is 'zv99z_c1zr1wi' and the number of links are 10
Sub Entity is 'jJoXcBRohQM94bu08'
Sub Entity is 'oxJxpLU'
Sub Entity is 'MAusPA8qyZpQP'
Sub Entity is 'PyolTEXCtCtRw5gQ'
Sub Entity is 'C5mhJzEcGvP4'
Sub Entity is 'crct8ylebvZ'
Sub Entity is '9K5vb51wJ'
Sub Entity is '7uj7LeuWiuf6zGR'
Sub Entity is '8DPZXoFOJXEFfLCQPU'
Sub Entity is 'Aavp17RL4hpQ4'
Sub Entity is '_DaI5OmMb6OGKbF6rv06'

Root Entity is 'wI_AGBxx4' and the number of links are 15
Sub Entity is '4CXLRm4esnA'
Sub Entity is 'NkPMKla8G4A6N'
Sub Entity is 'ffV9kcjKhjy'
Sub Entity is 'IQeJLIC9Df'
Sub Entity is 'PCIOKJVhQ'
Sub Entity is 'PbasdJ1'
Sub Entity is 'UsLedoGM0d'
Sub Entity is 'MxLeaKcqOJfnH2pH'
Sub Entity is 'vjikksV'
Sub Entity is 'V9zv9N7HSjbKw'
Sub Entity is 'w74EfbU0tV_'
Sub Entity is 'dhj_M1gOyCjF'
Sub Entity is 'geXhWKBHJOOpYks3tpF'
Sub Entity is 'p9aaoMSsOEA'
Sub Entity is 'CG0pQfg7tLeMRIv4Eu2Q4J'
Sub Entity is 'dmTOOpB4'

Root Entity is 'JIx6mtpJU8P' and the number of links are 14
Sub Entity is 'zM_E'
Sub Entity is 'yjOElyaRV5'
Sub Entity is 'deHbmuQK4QdD6cG_zNL1'
Sub Entity is 'VwW1WI4Ze59wKI'
Sub Entity is 'Mld9YPZMONg'
Sub Entity is 'lLf_N87_FEoTb5Z'
Sub Entity is 'FvFg8Jzt'
Sub Entity is 'IhODdN9FZR'
Sub Entity is 'tPOY_g46PtoL'
Sub Entity is 'ZzP2_NvYr1FU8rbK5'
Sub Entity is 'N8PlQu5BGSYkHXV2Jb'
Sub Entity is 'UnkHTinlTk140i'
Sub Entity is 'W9YG0wF'
Sub Entity is '6tXCb3NnLVbCLjn'
Sub Entity is 'NJdA3I7pUb'

Root Entity is 'tXNX32nBxYLxL6kY' and the number of links are 11
Sub Entity is '3pX8FiiKTk3FVNvK0U8'
Sub Entity is 'B8IM8nIYBsV6A1Dg9uK'
Sub Entity is 'Pow7HGk8ESJz3emtv6oV'
Sub Entity is 'zA6tRQ66_1A'
Sub Entity is '4uK7G4rBf_jVZ2Sn'
Sub Entity is 'yZpooToJO'
Sub Entity is 'DvM3yLb'
Sub Entity is 'dCd7SCW'
Sub Entity is 'FqW6npsOI2E7C'
Sub Entity is 'zusAr82a4G6Gy'
Sub Entity is 'vLK3CeX3H0QZQcg6'
Sub Entity is 'UWpnhP7p93KHCC_'

Root Entity is 'grpXwo' and the number of links are 18
Sub Entity is 'YGtl9vGVrJJa'
Sub Entity is 'H_fLruvNGKlE'
Sub Entity is 'AnA46PCENWD'
Sub Entity is 'fhqxD21acuW1Ja49'
Sub Entity is 'sJKdbMf_jeeqvzRmq'
Sub Entity is 'hA7dKo4R'
Sub Entity is 'pupoDtrUOQAY6ha'
Sub Entity is '8OFkFjtOwdYLvcYZu'
Sub Entity is 'UMaUfGXOBSp'
Sub Entity is 'yylm8HoVvGX1CCWl'
Sub Entity is 'PURu_ImUKu'
Sub Entity is 'aELt_vjB'
Sub Entity is 'E63gPHBMeNvO5BI'
Sub Entity is '_RhuYGfRg5rI0kP'
Sub Entity is 'QxvKW39CrwJobO'
Sub Entity is 'qGVYt3AVHFXoik'
Sub Entity is 'xP951_IxXS9p6C_UV'
Sub Entity is 'qLVAizvHdR'
Sub Entity is 'ixU1t_UV7DFXL8jl'

Root Entity is 'CPlY0' and the number of links are 12
Sub Entity is 'rkg2SVnHg3BWZFc85M'
Sub Entity is '9RV5ToGbFOgwu1'
Sub Entity is 'RkSRhNsK7fF2b'
Sub Entity is 'x1t97OsXifRGsvRa'
Sub Entity is 'HxZxw79nXXILgGFS'
Sub Entity is 'uhp9hrUSJdn60KpWGCG'
Sub Entity is 'Mep22eWlmajrp4_Y5kT'
Sub Entity is 'x9Gud1YQ3aFVfo'
Sub Entity is 'C5FpZP7Gw29Kn5dH9'
Sub Entity is 'gFwuzJGCe8wIni'
Sub Entity is 'KejEhPCb7dXnjpHBMf6di'
Sub Entity is '0iguhQyqkG5'
Sub Entity is 'aVDGmeJfi'

Root Entity is 'duZcuSBlu7G1qML6A_E2' and the number of links are 17
Sub Entity is 'GfZozQpSEs_jRiELO'
Sub Entity is 'M2oE0raeJHhxTEb7lD'
Sub Entity is 'eD6wrjodVdpm1Gn'
Sub Entity is 'yCzuL2IUEAbG1'
Sub Entity is 'jUfy762hX5ZUsm'
Sub Entity is 'cCaBBGpvyxuB'
Sub Entity is 'ASdkK022b'
Sub Entity is 'Hld6NKi'
Sub Entity is '8s1YooDrwcg'
Sub Entity is 'K6CehG8UdfP9J3uFkis'
Sub Entity is 'VT4OZfawbCAg8'
Sub Entity is '7_trEBxWYSEAxoho04u'
Sub Entity is 'xl_kjz'
Sub Entity is '2sSLdzcDXoI9dB'
Sub Entity is 's6rrfyROEeE'
Sub Entity is 'Z6GqQUYPWn5'
Sub Entity is 'x5ABteeXhIMbsiEe'
Sub Entity is 'esDrmchORq'

Root Entity is 'kdcZGjRZ8Na1' and the number of links are 14
Sub Entity is 'KxmLo8H5ItFVNA5'
Sub Entity is 'y7Ga5uhFuO'
Sub Entity is 'n89fDrIn38fGzXO8'
Sub Entity is 'Vn6eZU7VSy'
Sub Entity is 'KJtCGx74hK1piq'
Sub Entity is 'fwo_e4xcHQa'
Sub Entity is 'dqM7xk'
Sub Entity is '0_EvcY'
Sub Entity is '38c1IqAB6BSGxc'
Sub Entity is 'JUdbedXJeN8A'
Sub Entity is 'QU0MkHfFHVIj'
Sub Entity is 'UzQE7Sh4iKVI4ioL'
Sub Entity is 'n_LWimvZK7G7'
Sub Entity is 'VyPF6JLhjJ53'
Sub Entity is '1eGk1dgx_Qx38CNvgfp'

Root Entity is 'AwOhy7h8O1hmN4' and the number of links are 13
Sub Entity is 'OQlr8qeQgTA9gUMliH'
Sub Entity is 'uUcSxBEVei7tfkxWqd'
Sub Entity is 'u9sLcBPlVynDUM7EO'
Sub Entity is 's4Wwa8D1UWYb'
Sub Entity is 'lxjOgTIIwN7rTEKMo'
Sub Entity is '5fl5B9uA5F'
Sub Entity is 'Pygpsx8V5H9Y'
Sub Entity is 'nQ5NOmaJSVKWJwA5'
Sub Entity is '8Si4DmaJRcVw5x'
Sub Entity is 'fgIOA9I0LTMl'
Sub Entity is 'EKrkKbEFwDKR8wU'
Sub Entity is '4qzK0Kqh1X0uugC5i6x'
Sub Entity is 'q3vhmW6d_sN'
Sub Entity is 'OV982A08wkz'

Root Entity is 'kEpkxOPzPXyKq' and the number of links are 13
Sub Entity is 'SAAnbtfaTm7Ebh6q'
Sub Entity is 'FPcc5MtCiijGGw'
Sub Entity is 'MA9NF42TjTMZloZohy'
Sub Entity is 'cibH8AaCbz'
Sub Entity is 'MCimouyaIDz'
Sub Entity is '3YOyTe'
Sub Entity is 'ON0fmpowDGVCd'
Sub Entity is 'T0MFE8lGtuHe4lRSo3'
Sub Entity is '807iQarwTh6l'
Sub Entity is 'RJqJU5q7Vmy8K'
Sub Entity is 'coqz6vsg2lB4'
Sub Entity is 'kD3glcDhNV8_95a'
Sub Entity is 'PmwYOniUQRwZho'
Sub Entity is '1ftZcoZpx'

Root Entity is 'EAC1hUJye' and the number of links are 18
Sub Entity is '4lxlkJNYomDwt6'
Sub Entity is 'hvE1'
Sub Entity is 'z1cqaxzi6b6i'
Sub Entity is 'CD87Zerq6ihYP0k'
Sub Entity is 'XLgXFo92QBjg'
Sub Entity is 'r7czbZd07HPv80fH42'
Sub Entity is 'o_Zfe1UohOqHPeICbef'
Sub Entity is 'WnI1ayJnxyqCm_OuN2'
Sub Entity is '6zXnzPK'
Sub Entity is 'YX09jloJxokP1cDg'
Sub Entity is 'JeJoOEOz35mPSiW1'
Sub Entity is '1zDtDzgpoqXsZa5q'
Sub Entity is 'VlLF_5WlDmb0Qu'
Sub Entity is 'PqJEqBU2S1wkJFT'
Sub Entity is 'gbR6P9lRxP8c3FEi4n9'
Sub Entity is 'VFOngB3'
Sub Entity is 'EoT12P1Ujs1aEZMFe'
Sub Entity is 'a5g1e'
Sub Entity is 'xqOo3F7bVXcoJ'

Root Entity is 'Rg3KjBES3wF' and the number of links are 16
Sub Entity is 'DdAhZAsUru'
Sub Entity is 'SsTrziVhaeKhAkj'
Sub Entity is '8Z_Pg'
Sub Entity is 'VahCpGK9LIciPCsX'
Sub Entity is '3RJFVYgRg6Aec2'
Sub Entity is '7sqMSIwjzra9hPFK'
Sub Entity is 'MEAPvSlU9q'
Sub Entity is 'cJfBYfx3T2Dhij'
Sub Entity is 'x8KGPGXtVqIRsfW'
Sub Entity is 'F5oNcvWEdBw'
Sub Entity is 'yPsi6YXl3G3Ws8HY2TA'
Sub Entity is 'KOD5Hw45'
Sub Entity is 'Xf2s6NL3hyS0WJ35'
Sub Entity is 'zaUs6SB6MzRPq9K1H'
Sub Entity is 'OQNJIIb'
Sub Entity is 'O5ueZ4DFGSBgI9FEZ'
Sub Entity is '8Yv9XqwX38RkbF'

Root Entity is 'QHiYbqXyCa2' and the number of links are 15
Sub Entity is 'e1KuQ2_Am2cun_R3G'
Sub Entity is '2DBT9lCOBEDaY'
Sub Entity is 'LHtYG8P_'
Sub Entity is 'tmibksBXT5pS'
Sub Entity is 'FbvYY1UCYCTql'
Sub Entity is 'I0_sH5FmL0R_Ml'
Sub Entity is 'PmKg50ruwM0'
Sub Entity is 'kZ4uzRayrkxmfh8Ut'
Sub Entity is 'HPOxJWaDkipcCMRA9'
Sub Entity is 'BdwUIj'
Sub Entity is '2V_LVBT1QVqsAR'
Sub Entity is '28EnS_xL'
Sub Entity is 'Wo8ENRtqzJIXpW'
Sub Entity is 'oaG4_1EYzFbUon'
Sub Entity is 'gVIMIXwOoNkH1kbVj'
Sub Entity is '593hOJ6_H_SeJ'

Root Entity is 'YN12cqNNayeBjUm9' and the number of links are 13
Sub Entity is 'Cjm5I3FtBg'
Sub Entity is 'kHRj5TKcDV9n'
Sub Entity is 'RGvny'
Sub Entity is '0YD4'
Sub Entity is 'rP3UzZ53XDjnhPGu'
Sub Entity is 'xO_ZF5XdbLtOEaaq6'
Sub Entity is 'FPW0QcOCo9dlVIf'
Sub Entity is 'QI3QYWG1jGeNkYC'
Sub Entity is '_smT0qn'
Sub Entity is '1gON2kD_QGMYtbLjc0'
Sub Entity is '5J6qZmFXdJzOBHgy'
Sub Entity is '9Icavk_CDSu_'
Sub Entity is 'JYK8BaCG'
Sub Entity is '9tg9rBhr1I7jIH'

Root Entity is 'CP08oZpursvoK94' and the number of links are 17
Sub Entity is 'xaebodM3BC'
Sub Entity is 'skdMBv5N42HFh1yKlwNm'
Sub Entity is 'oa8sxYIH2h6k_Jd'
Sub Entity is '5GboinWX8m2lmXBIJ9'
Sub Entity is 'fFK6Gg4x9yym'
Sub Entity is 'ifRs3hYBg'
Sub Entity is 'mr2iV8_h4xEd'
Sub Entity is 'hloxbulC'
Sub Entity is 'GUcy0VtX'
Sub Entity is '_une1sneQowZOU0'
Sub Entity is 'LSWv9IkjQCyNWJSK'
Sub Entity is '9tVTgL6P'
Sub Entity is 'GIgOSXffx0MezD8'
Sub Entity is 'XRsxK5pBhZ_Nxf'
Sub Entity is 'njRpJikIdoIo_mGuWzKkGwj'
Sub Entity is 'aSWn2DByLL6MYC0XMu'
Sub Entity is 'oaQvP3Ry1zjco'
Sub Entity is 'FVX5KHH4M3KpyZ'

Root Entity is 'GORi14BcSamVW5' and the number of links are 17
Sub Entity is 'AFyOXUTc6eNSIoxO'
Sub Entity is 'coNYgvO2'
Sub Entity is '3QaLQ4Nq'
Sub Entity is 'Fg0Ja2YNN27q'
Sub Entity is 'w04uyHo9XYgmQ2RWPoV'
Sub Entity is 'rwKMCF0ZtTgRpu'
Sub Entity is 'VM1FqepVdK1'
Sub Entity is 'N5pzn8G3lYGi2psKZje'
Sub Entity is '4KfRVFfwz'
Sub Entity is 'Fza9H0lYza5E'
Sub Entity is 'OwvufYyznShY8uqw'
Sub Entity is 'PExJ8yMTi3wDlPI8a5'
Sub Entity is 'tl8JxXOUBif'
Sub Entity is 'KygaHTGETA'
Sub Entity is 'TQ_paW4Tl_YgcoOXWb3W'
Sub Entity is 'RNPghRXWObUx'
Sub Entity is 'L3CoPnoF_VdoTu6v7_'
Sub Entity is 'X4IQud'

Root Entity is '1F3EWI1ncSWQ0JNHT' and the number of links are 25
Sub Entity is 'S3JQJfjXm_qcBbIqpL8'
Sub Entity is 'pnHM9wgQmPvUUFG'
Sub Entity is 'WChaac9oX'
Sub Entity is 'LO4RtetO'
Sub Entity is 'HdXyZnFXnHVCrnCq'
Sub Entity is 'GZ8ZAV0H_TdaDzXQ'
Sub Entity is 'tPGV5yXT2OoQL'
Sub Entity is 'sHMtaafQ4NHr404ALYWvGO'
Sub Entity is 'x0I'
Sub Entity is 'dHCTycoN6dGt'
Sub Entity is 'R3E6xlrmTmqWSMZ'
Sub Entity is 'Ul_VQsx5vrQ_i'
Sub Entity is 'Q_y6VdH'
Sub Entity is 'MX8LHN22Imjlmpth'
Sub Entity is 'NurR0Z7y2V8M'
Sub Entity is '9ZIf_UusZd0'
Sub Entity is 'OxIAt4rb01'
Sub Entity is '6Wp9W8sbUt1YS'
Sub Entity is '9qj1FiQwXbtVRmG'
Sub Entity is 'tJRjwzvY0jOWzVM23p'
Sub Entity is '5Q4XY'
Sub Entity is '5JDr2qga20xMApCPCh47'
Sub Entity is 'AEjL5qDBSUt'
Sub Entity is 'Rxd60Q'
Sub Entity is 't2SZpl60dmtF2aW'
Sub Entity is 'T6BMVg6N'

Root Entity is 'q1cIAuB92J' and the number of links are 21
Sub Entity is 'CkFpUF7t02V'
Sub Entity is 'n2yUqQko'
Sub Entity is 'A3LKxYr0U'
Sub Entity is '9qEtDuPmKtuWZau'
Sub Entity is 's'
Sub Entity is 'fmYwPUMga'
Sub Entity is '7FRVGamPTIx'
Sub Entity is 'eKa06NJF'
Sub Entity is 'TcinU1RScuy'
Sub Entity is '0MKzMztm6W2Fr9R8'
Sub Entity is '0yPjWnYgcu6N2sopJ'
Sub Entity is 'KmuIihRZTGmvO6Iz'
Sub Entity is 'JlxYUU6c8LNh3k'
Sub Entity is 'uqb6jHvldbdmIoIv7rp9nYJ'
Sub Entity is 'HMs00rT_XdiYfjaNy'
Sub Entity is 'o_7YsMG0obAEZpWHo'
Sub Entity is 'Eto0ZihMrvJniZZNP'
Sub Entity is 'rq7EUFYcgr'
Sub Entity is 'lSTFp4LdR'
Sub Entity is 'lm_zhDiMojTE'
Sub Entity is 'SpimEcVFR7lxT1J'
Sub Entity is 'eMFls7OrEkUj'

Root Entity is 'tyJcrMbJo' and the number of links are 12
Sub Entity is 'TEbOtCCqW'
Sub Entity is 'A7GTue'
Sub Entity is '3JH8uLOXMrfbTu'
Sub Entity is 'gM6LsoPaZtW'
Sub Entity is 'LbWxOaDPSVAaSM8'
Sub Entity is 'ebF2uoYFHoLiquF2'
Sub Entity is '48vE3hSUD'
Sub Entity is 'U3ymzNVH1eaSx6juM'
Sub Entity is 'bm2DvO'
Sub Entity is 'NVopGUdKUV5P2po'
Sub Entity is 'iHHL3iC0ycP9X1nq'
Sub Entity is 'T718kTCre'
Sub Entity is 'BSAodA1clSnBrE'

Root Entity is 'A00I2x5tR' and the number of links are 15
Sub Entity is '4tS1I2FmR'
Sub Entity is 'Xe2k2QTTaNaRZy5PoW87'
Sub Entity is 'DwqP6RA_GK2lqIk1I1Q4T'
Sub Entity is 'eTWjymFM0'
Sub Entity is 'Vo8'
Sub Entity is '7FmNXsfcsiTbremUQbh7mET7'
Sub Entity is 'YTQq3qdiwdAE'
Sub Entity is 'CDLHzXafTRUNhD'
Sub Entity is 'wP0QSnhDN0qmpUXW'
Sub Entity is 'z43FuqtA2_UHXAoaF'
Sub Entity is 'GLIsSfa0vzTl'
Sub Entity is 'qkjV5'
Sub Entity is 'E'
Sub Entity is 'XeX2cMkCsttsSCS7'
Sub Entity is 'OxwoZNVdB0'
Sub Entity is 'j08zjpRZRwTqkySE_e'

Root Entity is '7aT4R9lJ_NHhqQd' and the number of links are 16
Sub Entity is 'XJS_AWFCGUxCTfu'
Sub Entity is 'fAdtghbXvX6ftMeU'
Sub Entity is 'Go_LIvKaq'
Sub Entity is 'TPyD_iwfC8jjqRue7'
Sub Entity is 'o80DE3hdp0TLsQTO'
Sub Entity is '0HK3DyjxV8JQVbj'
Sub Entity is '4BnJj0sqxiFkPe'
Sub Entity is 'jfbZ0b7Bjhrf9S'
Sub Entity is 'dA5ILILLOaVeh0f7N'
Sub Entity is 'vr6bFA1Jl47'
Sub Entity is 'gm9Z'
Sub Entity is 'oy2sMXO1'
Sub Entity is '3puXqRs0Ry'
Sub Entity is 'YKS_8HsKu4ybIUf9'
Sub Entity is '7PyLaxpkN86mP5'
Sub Entity is 'fdFLWIHv1'
Sub Entity is 'VsufGERBz3duaoEOQKS'

Root Entity is 's1GqsbN5f6BdpIaE7' and the number of links are 15
Sub Entity is '5kjLEDrx'
Sub Entity is 'BbBvgvXhIshbom'
Sub Entity is '8HBC8SXDq'
Sub Entity is 'CSJXCRuUWv67d4UBT'
Sub Entity is 'Z3xeYZfksH21rtHL'
Sub Entity is '8V9wCNrLUlAKG'
Sub Entity is 'KbxBsO61MoVDBQ'
Sub Entity is 'qmSzKp3aLkFeVFzjXceM'
Sub Entity is '8pf71f'
Sub Entity is '_DNJLhNtMc'
Sub Entity is 'NWqQBl3GhTJrVr0v'
Sub Entity is 'dAkNAK8Dc'
Sub Entity is 'psLTxrqObHBxWRsJGt'
Sub Entity is '20qU3bZLo'
Sub Entity is 'leAQDVCka9Qu6to'
Sub Entity is 'X_UKI8PS3efbgDQ'

Root Entity is '2cZ5MdGuIglBXU' and the number of links are 12
Sub Entity is 'biVyDIwyv_pcZr1T'
Sub Entity is 'su1cbTb4RM50usq2MM'
Sub Entity is 'gdd65peu'
Sub Entity is '2JtGkltEBKtdlGKaT8f'
Sub Entity is 'e7TCdo03Viy'
Sub Entity is 'pPWyjtz2o'
Sub Entity is 'BEih6ltWdd2A8jhr2w7L'
Sub Entity is 'iIEv8QUBZZx8'
Sub Entity is 'zheEy6YsGFvAK'
Sub Entity is 'fAIEmw1hE5gQ1DX57i1SB'
Sub Entity is 'bp2Ud5hL'
Sub Entity is 'zgFe76ZZ18NIw'
Sub Entity is 'h5vZ6n6HKmCYK12c4Y9Q'

Root Entity is 'seTW2oSEza_Q5YmE' and the number of links are 15
Sub Entity is 'j5o2A0rrYfJ2XsSa_'
Sub Entity is '34pw41HOCOIPD6E'
Sub Entity is 'hM9ZM98b6'
Sub Entity is 'f1fKCIn8k'
Sub Entity is '5oT_1SYAOUz'
Sub Entity is 'QyKW9brj_BY0em17BJ'
Sub Entity is '4zcBmDS8hfF3'
Sub Entity is 'I7tKjhEIQwX5cz'
Sub Entity is '14J88dY9H5ha'
Sub Entity is 'yBVbYF604Sqr'
Sub Entity is 'eTB2P7WX'
Sub Entity is 'bHHWIsoEfhj'
Sub Entity is 'WIFE9wj3f4Xm'
Sub Entity is '0EafSClXLFjLOKxl'
Sub Entity is 'aDZWPGR8qj'
Sub Entity is 'J9khDtQf1a'

Root Entity is 'IFxHAu_y22acC' and the number of links are 19
Sub Entity is 'eaBttqom7ost'
Sub Entity is 'mYsLNiLPKKLN'
Sub Entity is 'awXmGTBZaFMZ85'
Sub Entity is 'vh73SHFVNl1jjk4wRNVD'
Sub Entity is '8v2i3lB8ht'
Sub Entity is '7mxgwqAa1i'
Sub Entity is 'DzjuF_D67JoKj_6y6'
Sub Entity is 'xC0F3r0uetRlL'
Sub Entity is 'LsPUrKflP'
Sub Entity is 'FL9w2ZQ5fxd'
Sub Entity is 'to366i'
Sub Entity is 'zmJ5Qh4b_QR2Tb5'
Sub Entity is 'xkasggVdx2ZXc'
Sub Entity is 'Tzlxq2xjk5ni'
Sub Entity is 'whMzEDloDG4'
Sub Entity is 'JmKyHRIB4QBE9zvsG'
Sub Entity is 'mZxd7tDWM_6lxC061UJpl'
Sub Entity is 'CDgYtqMOu'
Sub Entity is 'UkQgKG_ynJNy'
Sub Entity is 'upDfJTRmcnhXA'

Root Entity is 'oPnEjFcvzYA9tOZ3w5' and the number of links are 19
Sub Entity is '1MhEMqVDFxP'
Sub Entity is 'GUrEc3q6nj'
Sub Entity is '4gQyS7ijzFYx_5uYydc0'
Sub Entity is 'k87oBGfFjDndJwC'
Sub Entity is 'hXvi0koTllZw'
Sub Entity is 'NawgnxNH0NMLMJQz'
Sub Entity is '5ljTHqBeWORW_V8'
Sub Entity is 'cSJLv8DhjChdN'
Sub Entity is 'lpW1_VJ5f5um4w5'
Sub Entity is 'uEWzFzQoEhuOxg'
Sub Entity is '28GeZ37oWjJhEc'
Sub Entity is 'TSOcv9gZq6ZCXU8'
Sub Entity is 'H5qMwqDmVQRDvuEQqKC'
Sub Entity is '91eFNYmjSDWbTon'
Sub Entity is 'lw3z5t3xIWLGLOa'
Sub Entity is 'OffurqWjkPuta'
Sub Entity is 'oarXF2AFcZQw3rC'
Sub Entity is '0ubjLaur1VXeWd2'
Sub Entity is 'czo3OQZpvaLkuMs5KK'
Sub Entity is 'd8ur0KaSKx6'

Root Entity is '4kwAvUYxtZEM3' and the number of links are 16
Sub Entity is 'ZZhkU01Dv9N'
Sub Entity is '2z3PXjDoVtQi'
Sub Entity is 'SHaFyB0ubUeFYlw'
Sub Entity is 'Bj5SZdrr'
Sub Entity is 'HVJ7K18t4BfeVqfU'
Sub Entity is 'ZekfvWT2b4xXAtur'
Sub Entity is 'my7pffElxL_zU'
Sub Entity is 'CP5mflHuziCaZOwT'
Sub Entity is 'g3KFKMkaxS'
Sub Entity is 'Vlzir1idC'
Sub Entity is 'KCLAbdaOoaa6DaGgfor'
Sub Entity is 'KW6udYXNqybrz'
Sub Entity is 'HD2aH8'
Sub Entity is 'Uc3D7kFU7f8sgnSf'
Sub Entity is 'GXVcS8YgGg'
Sub Entity is 'gSmcXjv2ua7yqbsb'
Sub Entity is 'TxZoDKVzXmFE'

Root Entity is 'IBGUSE6nQcj5ZT4T' and the number of links are 21
Sub Entity is 'cMGwj8'
Sub Entity is 'Z3nGwgT_i045'
Sub Entity is '72p9DUvKPYIe'
Sub Entity is 'wvsduy3mtz87lG3cT0ECkdg'
Sub Entity is 'aeYvzdySCo4VMZ'
Sub Entity is 'curDCuJy4S'
Sub Entity is 'a2twJTJADkof7GJUG'
Sub Entity is 'GRmngP1I52z'
Sub Entity is 'tw2FBXa_GH1FDjW9Y6j4'
Sub Entity is 'ZPaSKTb6KGuwFu'
Sub Entity is 'rezc_G4IGsbteQs'
Sub Entity is 'IpF5UXTR3bhj'
Sub Entity is 'cJEuKXzpcjD'
Sub Entity is 'dB2YjGQiNZjg6je8SIspsP'
Sub Entity is 'QE4XIuMvBibJ'
Sub Entity is '04RFB7VRJlbuev_I'
Sub Entity is 'z6EyDnlkc386IDuE'
Sub Entity is 'vyvv6Hf_bzw82U'
Sub Entity is 'WG_t7rVfrWzphXKC'
Sub Entity is '29dTSDVLbZwF'
Sub Entity is 'Eul3HqNhQs'
Sub Entity is '2uTIVDiWqCodeNe'

Root Entity is '2zmzSd1' and the number of links are 22
Sub Entity is 'DAF1qGc_jQm'
Sub Entity is '4Z_Tllh4n7'
Sub Entity is '4leSBLUASxKq3PsuGgs'
Sub Entity is 'OqdWRZwI_ApBa7ZRuz7'
Sub Entity is 'sUWIleRZsTL_'
Sub Entity is 'V6tRS_9e6ifh'
Sub Entity is '6DyMqRs1O0Vi'
Sub Entity is 'K3sI8lPasnLOF6J9'
Sub Entity is 'aLoTUGVKRe'
Sub Entity is 'GuHWHfzba88sgjpFjZ'
Sub Entity is 'f1Ppz954EoyqT'
Sub Entity is 'QUPZ9j7V0Wq_ww0aJ'
Sub Entity is 'PDPv5uey'
Sub Entity is 'bQBXDmc'
Sub Entity is '5zEvF486Is0'
Sub Entity is 'qqFq46cugeUNz7j'
Sub Entity is 'FMSa3G1nPKn4ZT'
Sub Entity is 'SnUsMPA69bIVEhAE84'
Sub Entity is 'CRcLwMUus7eKH'
Sub Entity is '8xAc'
Sub Entity is 'ineCNTCnde7xw1z6vf4V'
Sub Entity is 'RYkRAwXLzpnfRAi'
Sub Entity is '39E72mMR1P7HAen'

Root Entity is 'ETHcDIEbRSXCuL_7' and the number of links are 11
Sub Entity is 'qnusf_KPc6jTAjk8Ol'
Sub Entity is 'FbHMd3MO'
Sub Entity is '57H51OOqWYmz7XS3Zs'
Sub Entity is 'RJFWwAimsdSn4v1hgOr'
Sub Entity is '3AWRoTK4qdNKD'
Sub Entity is '9QXXV2ycu6dDu'
Sub Entity is 'Xk7alJLOsxxe1vSN'
Sub Entity is 'XzGnRAdX_gIhaIsIg5'
Sub Entity is 'LI3Q9ujBgG6tmtv'
Sub Entity is 'AaO8hIVIYL0yj'
Sub Entity is 'HgQAx1TQY9fquDo9yvEg'
Sub Entity is '1wP6v'

Root Entity is 'VKH8g' and the number of links are 20
Sub Entity is '5VGknMT7'
Sub Entity is 'U2HnAZYIHwcFCkZKGcDp'
Sub Entity is 'wwjrXf9OMlbA8'
Sub Entity is 'VSmtmmWBSw1YPljWC4'
Sub Entity is 'H1GeWZPjKuv1G'
Sub Entity is 'UaI5h'
Sub Entity is 'GJqdzXhjJUqg'
Sub Entity is 'GBtzir5c'
Sub Entity is 'd33t6pdbwNTN'
Sub Entity is 'qjOIHWZBYl'
Sub Entity is 'AXBuaFtuh_50TeF'
Sub Entity is 'jsPKdYnkthsS3T_'
Sub Entity is 'pdk6hN1A'
Sub Entity is '45QRfY9kdQaVP1858q'
Sub Entity is '92GmnUI0NAEsFpq'
Sub Entity is 'IF9ACoHAKK'
Sub Entity is 'NTqCvP6Nj'
Sub Entity is 'FDr8zRzOoZlWtU'
Sub Entity is 'Rqtvj5EsVrSF'
Sub Entity is 'BflN2uyicIy'
Sub Entity is 'MBRG49okPR2XB'

Root Entity is 'DAuxbNyT9Se93FqHYfEW' and the number of links are 11
Sub Entity is 'm_5mh2PFj_G'
Sub Entity is 'qQ6T4CF_6oH0uo'
Sub Entity is 'sPwVYvqHRDpRR3M'
Sub Entity is '5esUwEN1QAI6e2R0'
Sub Entity is 'JGaChyoho8bqpWMRy'
Sub Entity is 'Y07N_Z'
Sub Entity is 'k6BGhISeI8rr'
Sub Entity is 'y6IlTCWT'
Sub Entity is 'ZIendlUVprQGGnCi'
Sub Entity is 'PVRyB5d6tn'
Sub Entity is 'BPLQ4pkzAMHIvaK'
Sub Entity is 'SgbMxotmE'

Root Entity is 'Gz6xr2zwck9y' and the number of links are 14
Sub Entity is 'UrlcS1AoXcrZG2'
Sub Entity is 'MdFOmB_Qx'
Sub Entity is '86nZvBLvQxZHPTr'
Sub Entity is 'EHWEkhQA4J42EgQZH'
Sub Entity is 'SnN8EDYXYsrHU'
Sub Entity is '6TxzZaltmqGVmm6Y'
Sub Entity is 'dmBK41mqQQjwaGk'
Sub Entity is '83fhW3oiikqj'
Sub Entity is '4DjHKFHgPFV'
Sub Entity is 'UfmKtuRCJ0VoH7Uyx3'
Sub Entity is '_4UcEyb7fgiNyB'
Sub Entity is 'lQG3e4T7Zdy0apJaU'
Sub Entity is 'VNEj6rgcZrTsjVj2'
Sub Entity is '3su3_o5Nm'
Sub Entity is 'SRKTD1BV'

Root Entity is 'CJyMVNKmXLstUN7X' and the number of links are 13
Sub Entity is '4gytkYXkqlMXJnG'
Sub Entity is '_qdNk0JaCDetJBNS'
Sub Entity is 'BngPTpyBkS'
Sub Entity is 'JHKa9OsHe'
Sub Entity is 'SZF53hOhDcrkAQ'
Sub Entity is 'XA2AQxDKJS'
Sub Entity is 'rDi5KL7ZVv'
Sub Entity is 'LEyB2dYsNu8B3wb6OE'
Sub Entity is 'YuU'
Sub Entity is 'bxtCpwnF7GD'
Sub Entity is 'yYt5Z6tMnc1iDWb'
Sub Entity is 'MfZIJr36cmlA_EsWxL'
Sub Entity is 'd8TEe9wyL'
Sub Entity is '84Eje3hGk34UoCsAguw'

Root Entity is '1wH6' and the number of links are 22
Sub Entity is 'mmpBimcEj3M'
Sub Entity is '6hui5w9'
Sub Entity is 'i0_scoRkAR'
Sub Entity is 'VYebRlt0ePYuFQ'
Sub Entity is 'd5iSfGyRd83DQO'
Sub Entity is 'kTK8bcNg9y92z4_g'
Sub Entity is 'AF_djFSCkNM3mJ'
Sub Entity is 'G5b4Yb8U'
Sub Entity is '0a17GGyOi8EsEwGOrQil'
Sub Entity is 'QnxaokYm_SQ'
Sub Entity is 'W2CfygwbmIRlExhiIE'
Sub Entity is 'MJMeM4OKPGbU2f'
Sub Entity is 'Ad7IjD_pmMiinPVso'
Sub Entity is 'V8s1ajfKRELL_U'
Sub Entity is 'eyWTgb5S8Q6'
Sub Entity is '2UuzAW_aVReTNurRQd'
Sub Entity is '_5Auuq5JfO1Eb'
Sub Entity is 'dcUvsybtTYv8'
Sub Entity is 'k2FT7gHzhi0gC8iCPDSbE'
Sub Entity is 'DNHfnR5Qx2U4q'
Sub Entity is 'aa2OEJP6Iwl2'
Sub Entity is 'NnMsLBbCPYCSQ'
Sub Entity is 'in5dVqoKq0bXF'

Root Entity is '5xuLGulGqr1' and the number of links are 15
Sub Entity is '42qwO1sX_DE'
Sub Entity is 'PGHjZQPe5EbaN7'
Sub Entity is 'B3gl2INTK65GI'
Sub Entity is 'upIYqGykr38'
Sub Entity is 'FaviU5bOyHayol'
Sub Entity is 'P_PZrIXKpgTcMTw'
Sub Entity is 'Nncazo93OEjqBZ'
Sub Entity is 'J66LFP5kel1eY'
Sub Entity is 'Ss7jBlLpqqJdEh7zRCbL'
Sub Entity is 'HDpr2I9jDi'
Sub Entity is '7x3AEZ0koZWZ3Fpb'
Sub Entity is 'XpPnxpZdaQaxI'
Sub Entity is 'JaTx3oM2mrgDW1SAd'
Sub Entity is 'FcaazYuK'
Sub Entity is 'BQZs2dw'
Sub Entity is 'nb3cfGFgEFFsYedQ'

Root Entity is '0tCDZe_bG20zn' and the number of links are 13
Sub Entity is 'Ee18ko0tk9nD1bU'
Sub Entity is 'I4vwqIgmkYtO3jJavxtG'
Sub Entity is 'PC_l0BRR'
Sub Entity is 'gz5zcX'
Sub Entity is 'dwoGrAa628ePwVvfWpu'
Sub Entity is 'TKpsu'
Sub Entity is '2PY0INWMshxLng'
Sub Entity is 'V05scmLgw7FWWj'
Sub Entity is 'rBCMcPSZjO6v'
Sub Entity is 'An0WhuF3CdChp'
Sub Entity is 'Q0OC8s'
Sub Entity is 'r05DOOK'
Sub Entity is '1CzMZd0VRNwjKM'
Sub Entity is 'Exo7a3E6b3'

Root Entity is 'OqE929' and the number of links are 16
Sub Entity is 'WreJfYIaW7C036Q4'
Sub Entity is 'eVt4RQjvn9gE'
Sub Entity is 'HHf7w73cYMTM3bQL'
Sub Entity is 'NkMRMMuiADN5GKr'
Sub Entity is '_029ECqaUnPuxq973q'
Sub Entity is 'npzNPQ1QOPIMg81'
Sub Entity is 'z_8t2nyf5dnhsNS7'
Sub Entity is 'fEpdutSvc'
Sub Entity is '1Xx6RAgW'
Sub Entity is '9j1hpuwqMN68PMNOl'
Sub Entity is 'NyEzdk1NhZX94_'
Sub Entity is 'iYFTAi4cN0a8D'
Sub Entity is 'QdRCYNvV4I8UxfH'
Sub Entity is '7JD8E4u6'
Sub Entity is 'lWIZesQKpz8t4'
Sub Entity is 'VphQUa_NS'
Sub Entity is 'W_c0sQAFevW6fZUXE'

Root Entity is 'HOipsVKBtl4jADD20QW0I' and the number of links are 14
Sub Entity is 'SZVshr4pHk9gJ'
Sub Entity is '6ZETEpG'
Sub Entity is 'qmxaCFpuSUEQ'
Sub Entity is 'qQydieFxIF'
Sub Entity is 'iS9Lmn528wGVyyW2P'
Sub Entity is 'm5YPTKMcKSUGq4U'
Sub Entity is 'z3NjSrL57g'
Sub Entity is 'RGvSedBKtv'
Sub Entity is 'tvW6'
Sub Entity is 'hgEogC9W9rDcs2KM'
Sub Entity is '5FhPBJhMJ'
Sub Entity is 'Ux2Dti4tBV4a6V_hJ4'
Sub Entity is 'ONVetz_'
Sub Entity is 'MkC6JnXJgH'
Sub Entity is 'S6Z4HBOLTaJ3h2'

Root Entity is '8WPoO31ZB5zrQXxUG2' and the number of links are 14
Sub Entity is 'N6U'
Sub Entity is '7tQi7J9V'
Sub Entity is '5LpyAzXWPkzI5WA2tB'
Sub Entity is 'P1rORy2nqBCO11BLEJ'
Sub Entity is 'sc0dM78kLWBnCX'
Sub Entity is 'Rs4f3xP0xfGWyGM'
Sub Entity is 'ghRrKDsmETp'
Sub Entity is 'E3OZ7iJuOk'
Sub Entity is 'SkQ_Shp3L'
Sub Entity is '9VRZxDVFbcgjU1XX0F7ECNJ'
Sub Entity is '2IXYtDMO6vi6xmegc23'
Sub Entity is 'A1C38fCXMoK3P'
Sub Entity is 'E0YG71xXPRI7C6X4Y'
Sub Entity is 'AeBdo7'
Sub Entity is 'tJDh5nWLUSdPC5Bk2N'

Root Entity is 'vIAgHFwZ6KVt4p' and the number of links are 19
Sub Entity is 'f6RU1_Irzag'
Sub Entity is 'jcT86rT'
Sub Entity is 'xUlCN2l'
Sub Entity is 'SZu_D2yM2'
Sub Entity is '_CiMqGtz86qhxeZe'
Sub Entity is 'tx03m5A8mN7M'
Sub Entity is 'omWEri'
Sub Entity is 'bsasNYl'
Sub Entity is 'jRD3nshdGs'
Sub Entity is 'NclidBgue5F2K'
Sub Entity is '3dGjkJPAv'
Sub Entity is 'plSrNYJPSdGqch'
Sub Entity is '5PuBsUU3T'
Sub Entity is '8zOW8qD9UT91w'
Sub Entity is 'HMIXvrPcmFswH'
Sub Entity is 'zCMijK8FSlv_'
Sub Entity is '7es7qVoKrE'
Sub Entity is '6J5ei2HYc3'
Sub Entity is 'vqkLmywB8L3paw'
Sub Entity is 'tXHYLKQw2wS6S9eq'

Root Entity is 'nyXQ6qywlKV9f4' and the number of links are 10
Sub Entity is 'WzG_I92'
Sub Entity is 'DWHiPVEb6bW2gNt5oJ'
Sub Entity is 'DRZGZd4KGPgMr1fsVhbMlM4e'
Sub Entity is 'cVYSHuGJldeYiPe'
Sub Entity is 'wra7kcVKuI5v'
Sub Entity is 'GuiHx6PbaMTvq'
Sub Entity is 'RIvo22g'
Sub Entity is 'UQm3nHY'
Sub Entity is 'gSYWmtu21QfRHm1N'
Sub Entity is 'OI2kwSShi7mY'
Sub Entity is '0033Gzevbaw'

Root Entity is 'JFaCvRTFdkRZ06ozx' and the number of links are 21
Sub Entity is '58PSFIz4S7yQyTxelym3'
Sub Entity is 'gQjB9fv5Uazsy'
Sub Entity is 'Ov8SHw2xH1g2mnH'
Sub Entity is 'vi6UytavLN'
Sub Entity is 'EnVZSJ6JTgdcSEyM0EHH'
Sub Entity is 'heIf8BHijw0Qrwxxzxe3V'
Sub Entity is 'g7QptYt13oqzwxT'
Sub Entity is 'u2VySFawUlJZfmb'
Sub Entity is 'GDn006916Bonq9K8CKtjV08'
Sub Entity is 'oz0U0cJP8FE16SelPOhgn'
Sub Entity is 'Toh3lwradeaNS9hlX'
Sub Entity is 'CrLNQZI2_p'
Sub Entity is 'xnEBneijlr7m'
Sub Entity is 'OmYraui_JjdOwEa'
Sub Entity is 'G4iY0v6IQI'
Sub Entity is 'SZRRv1V9mm8'
Sub Entity is '3vmQkFJTkfBCX6cF'
Sub Entity is '4bPd9xit0klkx0t'
Sub Entity is 'yCouCRb'
Sub Entity is 'fqXbO4uDdDLy'
Sub Entity is 'mbpMnJd4IjUM'
Sub Entity is 'ONe8dizOENGQn'

Root Entity is '6gE9H3rEOSb' and the number of links are 20
Sub Entity is '24pcMOIr9RRjzx7uBz'
Sub Entity is '4nBFPzDbqwrs93Y'
Sub Entity is '4o3lNpzJE78xkw2'
Sub Entity is 'PdqL6eWUJNQAZ'
Sub Entity is 'aq38MauBXcU'
Sub Entity is '8FxSp4u3th'
Sub Entity is 'JyOE_OWzAZi_'
Sub Entity is 'eEitxAjP'
Sub Entity is 'pMc3ecG0z5OF'
Sub Entity is 'zGdFXA36e'
Sub Entity is 'WblNflg5KaHc4_a'
Sub Entity is '2Na'
Sub Entity is 'JHgvIp6LAbG8caa'
Sub Entity is 'yfgnSg6pjbnSH'
Sub Entity is 'Q86j38j13e2gLnlQA'
Sub Entity is 'vtH2LF5hzIcuP6rW'
Sub Entity is 'zWyekoWEuNZLjPjO'
Sub Entity is 'uVkLE4TtD4SoqWyEI2'
Sub Entity is 'tB10Q245lM'
Sub Entity is 'yywgNK09evZYDD'
Sub Entity is 'HmAAeJbgvgaWCygI9Qw8SR'

Root Entity is 'H93jGWzj4HMqH' and the number of links are 14
Sub Entity is 'et9ZN9kxqPTn'
Sub Entity is 'PwWYpqzDX8fzSIB9Gp'
Sub Entity is 'bO3W1dylQU7D'
Sub Entity is 'XEwFbWDFac8w8NxJEgzHE'
Sub Entity is 'hSEGPq89T9U'
Sub Entity is 'ch8zQBG'
Sub Entity is 'heVoWoTyDQvjPctgVEBXJy'
Sub Entity is 'WJY3Q2N5M'
Sub Entity is 'sz5vR9diz'
Sub Entity is 'LKfwg1oXT1PuOp'
Sub Entity is 'y58u8fSUUFQKdp'
Sub Entity is 'gmBVGd8X7CulYoi'
Sub Entity is '4sKDvXfSgHukTT3'
Sub Entity is 'qr2bEajOj'
Sub Entity is 'DH0Jo4'

Root Entity is 'rddhLjHgJ7sQ4lwuJd' and the number of links are 9
Sub Entity is 'ZhrCnCT_RUaYukt'
Sub Entity is 'h0QzyTgiyAB'
Sub Entity is 'kvQ1eRNxZ6WFiCZnp'
Sub Entity is 'TJhkWN'
Sub Entity is '7ZUNBeBu04ApS'
Sub Entity is 'x3Y486OI'
Sub Entity is 'WHyy8'
Sub Entity is 'PExs6FE_0vV'
Sub Entity is 'zwLhawOyTJ0EYeiC'
Sub Entity is 'mAXHjGWX0KjjiqjF'

Root Entity is '2UUvtx1AmXXt_D' and the number of links are 12
Sub Entity is '7mJBmOoAEPuyGdfZuCP'
Sub Entity is 'A7_dTY5P9EdifqIH505y38k'
Sub Entity is 'oz1MtYObLGOH8QPc6kIY'
Sub Entity is 'tdTf7QttE4MrFL'
Sub Entity is '3a9WkGJk7'
Sub Entity is 'ad8PvpioZyRAm'
Sub Entity is 'HMoQfXYbCVrAWsBS'
Sub Entity is 'VyOiIvTf6jKHxn'
Sub Entity is 'W25Hhwmbhib'
Sub Entity is '6_P96YJAlUaq'
Sub Entity is 'S9HdlGjtHmi3'
Sub Entity is 'VWGrlR_k6UVTlkyjP'
Sub Entity is 'PTSGJWsz'

Root Entity is '0L_F2jNVANKStfCU' and the number of links are 14
Sub Entity is 'bRdfgjBQgtG'
Sub Entity is 'MoYmXDD26mdhmQ'
Sub Entity is 'zQReW8IAmH5Lg'
Sub Entity is 'TVV5W'
Sub Entity is 'U1FiGjlpfTPrnH2rO'
Sub Entity is 'oUi_Jmz1CgR5nmeyBhee'
Sub Entity is 'mAeRBr3iz3RMpHbt'
Sub Entity is '2We50BkwPRJcTnB'
Sub Entity is 'n9kS_E448q1Yb4SZs'
Sub Entity is '7n4xn_6K5gJd'
Sub Entity is 'C6qn7j3T'
Sub Entity is 'IpxBKIyDhtJOwwm1dLq91C'
Sub Entity is 'aCPi_4FABaZ4ffC'
Sub Entity is '0EBXv'
Sub Entity is 'NjQrrNjUaKUXE'

Root Entity is 'suq5nODLeE34ljumn' and the number of links are 10
Sub Entity is 'SGF8P1Ar0SLfKWRa'
Sub Entity is 'Ow4YHWcQZkw'
Sub Entity is 'RpryZv6Kb65TyhubBm'
Sub Entity is 'U87dKoab5nrrbMkML'
Sub Entity is 'MDbWp9TdHBaEEJQCK'
Sub Entity is 'A_qbdUsFu26vNkrun'
Sub Entity is 'V6PsDsjs9HppIs7'
Sub Entity is 'Kt02NaOvm4H5'
Sub Entity is 'sHAZU'
Sub Entity is 'UY1zyhmnSnZcxSKs'
Sub Entity is 'VqGH_i4_NcRB2g'

Root Entity is 'LlI07' and the number of links are 18
Sub Entity is 'GMurCqzCoz8dC0HeKQ'
Sub Entity is 'OE04QnEOTf69'
Sub Entity is 'X1AmR7ooKt7Q8YrBLk'
Sub Entity is 'SLDlWYeiI6'
Sub Entity is 'YaoSOlF3KgcO2Ntws4X'
Sub Entity is 'gAm1_NWWM_Dni9gQ'
Sub Entity is 'KoaBaBbJ7U'
Sub Entity is 'HpdioGvwCzbCGswo0Kpo'
Sub Entity is '9V73mozCpF'
Sub Entity is 'n8LTo75bEjqcYFf'
Sub Entity is '_DRBQjdz7_'
Sub Entity is 'kdVmH2'
Sub Entity is '9wznOzPsYuB1Ty0qFV'
Sub Entity is 'e73EEExdCRDNv2rL'
Sub Entity is 'yrJ3b6j5vk'
Sub Entity is 'FWX7CpJVeZwRAy'
Sub Entity is 'MzjUrE4oU7LCBwovWB3HF'
Sub Entity is 'uU8U9HjfqAIkMremT'
Sub Entity is 'yPZ2tPdv1xdWh'

Root Entity is 'nvLf6zqIDe9bIm' and the number of links are 20
Sub Entity is 'fB8EjtQaI4nRhHqk'
Sub Entity is 'D4hagHlWav0BrtKK_If'
Sub Entity is 'agQNFLS8FX6Jte'
Sub Entity is 'PBpoyXsoGckTcoyPT8uO'
Sub Entity is 'MsS8AxMZNYkxfy'
Sub Entity is 'S8WA5ebulJ'
Sub Entity is 'f9MPVoC5JIqC'
Sub Entity is '7G30K2jTyAsE9GJ7'
Sub Entity is 'J1lZq0'
Sub Entity is 'g2aOTkxhK'
Sub Entity is 'CmtgD7PtfD'
Sub Entity is 'b_H3_lLhGQPipmo'
Sub Entity is '2JuiMWQFWB9X'
Sub Entity is 'nFh4kpiuCD5'
Sub Entity is '5WnOzQx0OjohWMT9e1'
Sub Entity is 'FyBtBa8_3RkE'
Sub Entity is '_hHTRoSVeH8'
Sub Entity is '32p1ZpUExlJnc'
Sub Entity is 'TnyA7A54Exxeop6'
Sub Entity is 'jb7Rm9g08O9OZubV'
Sub Entity is '9oFlh7pXK_7L6NY4TL0u'

Root Entity is 'P3LHi3Ahes' and the number of links are 16
Sub Entity is 'QJRuhzX80F49'
Sub Entity is 'OW2UMp1QHJ5VM3'
Sub Entity is '8AlV6'
Sub Entity is 'Dcem3'
Sub Entity is 'LlutXmS4WviRWrCPvi5'
Sub Entity is 'I4Cu_eUIob1'
Sub Entity is '29MLpdpJlhKV'
Sub Entity is 'YrA0a8bbYamu0h'
Sub Entity is 'W9K5fhNHS9'
Sub Entity is 'IVFJUr'
Sub Entity is 'UkTDlEBTxE08'
Sub Entity is 'Oqml9RVS8rMGOM'
Sub Entity is 'XgRhJGfJ__d'
Sub Entity is 'oGF6CUF8yhl'
Sub Entity is '6WuEqzapwb35rSRFmjAO'
Sub Entity is 'UBAJGMCs'
Sub Entity is 'XM4QHkxl'

Root Entity is '63kyue9GBnsYrQj' and the number of links are 13
Sub Entity is 'ibQGLkfJnMKhEV'
Sub Entity is 'pOIa3li5ntNvzOa'
Sub Entity is 'wHuB9e4V2u_e6HfYT'
Sub Entity is 'p16n'
Sub Entity is 'Qghgek_YbrVdm'
Sub Entity is 'N4T5gHYtn3'
Sub Entity is 'Xw65vR6KB8WSd'
Sub Entity is 'blLJ74WZHJ'
Sub Entity is 'uhEabeB9Yh_FVuYru_'
Sub Entity is 'TpkkcKvl4DP'
Sub Entity is 'FAz_kSVBb'
Sub Entity is 'FwmOEol0zeq'
Sub Entity is 'jlQGi1n4poLEfoBJI'
Sub Entity is 'YmzdowV6M2e'

Root Entity is 'o1cj4uTLFVM8rAUkk1p2' and the number of links are 15
Sub Entity is '1DdE_rQYtXPMEqgo'
Sub Entity is 'LxM1pXfWg9LIacHpQ'
Sub Entity is '4lmfanJ'
Sub Entity is '_WucHA_f88hCkXVRnQXg1'
Sub Entity is '_f0GM0p60XwX0rU6U5SCJ'
Sub Entity is 'qhSy0PBPlc'
Sub Entity is 'sc9JX4s'
Sub Entity is 'ZHxSYEzjtcK6l'
Sub Entity is 'U0OQzyJP'
Sub Entity is 'jV42GxoPOqmIBZ4a'
Sub Entity is 'xHD6jDcGRIQA'
Sub Entity is 'JA_V8yHZy2rd_wA'
Sub Entity is 'wj72Xwsrpe8WF5HAtb'
Sub Entity is 'Y2irOC54Wd0NYj3cw'
Sub Entity is 'N0lMe0D'
Sub Entity is 'GecA8WBVy'

Root Entity is 'LrihxPNIT_uy5irBI3' and the number of links are 14
Sub Entity is '9y9O1aSlJ'
Sub Entity is 'q0Nqjaip'
Sub Entity is '9_cd8A_Ko9pzHoR'
Sub Entity is 'pPDpYTDvDM1'
Sub Entity is 'sAcEwr42DKcamBuzgYO2G'
Sub Entity is 'wn5XQklSOH8'
Sub Entity is 'AmYVL2GnTbs58'
Sub Entity is 'c07nFKTCdg1fDqsq93'
Sub Entity is 'vSzrMRB'
Sub Entity is 'T2Nj5R_a'
Sub Entity is 'gCMkpfF7CXGin4Z'
Sub Entity is 'tq69n6fB'
Sub Entity is 'mAgp5cRRHZ2'
Sub Entity is 'yNKMGG0AJqJ8ZZZao'
Sub Entity is 'YBSO0t4zJp_g'

Root Entity is 'PpEK7mqhwPq9eJiNi' and the number of links are 22
Sub Entity is 'MIrdHzdVTR_kq4w'
Sub Entity is 'OnVUY3FgRV8qrmtWMvGsbD'
Sub Entity is 'wD3IgftZ1'
Sub Entity is '3dqcxbOQ'
Sub Entity is '6vhQPKIlPMCDC'
Sub Entity is 'nCbpXc2CIWgHg'
Sub Entity is 'WnOAZf3p'
Sub Entity is 'ZDvbow3O4MVyS'
Sub Entity is 'PNtcAx5NbEm'
Sub Entity is '_TB3xsEhOk2'
Sub Entity is '0XQnjI0k_bm'
Sub Entity is 'Ao0VGr'
Sub Entity is 'A4EdUqR7AoXInWV7UCWR'
Sub Entity is 'VyMibKG5bIOqoJ'
Sub Entity is 'e6IYvsC'
Sub Entity is 'PbsXc0s820'
Sub Entity is 'DA4eDYLog3RniM30o5'
Sub Entity is '0Xez2eEKH3'
Sub Entity is 'JxcnIi0B8b'
Sub Entity is 'rdTtAKy4j3WKCe1MO'
Sub Entity is 'OhSOATOMP3Nxlc5H4d'
Sub Entity is 'zCtKdirYUyD'
Sub Entity is 'Y19ia9cH2d5D'

Root Entity is 'xwmNNc' and the number of links are 23
Sub Entity is '23Y1U3kYkW'
Sub Entity is '22gCaDWmdyoqM7'
Sub Entity is 'OBXYn5HXe5'
Sub Entity is 'lVk78osjE4dsc1_'
Sub Entity is 'KNUwPOrrxcaGXlASxS0ZM3'
Sub Entity is 'jDoxaZewDRNUd'
Sub Entity is '8foO5cnYhZFlu'
Sub Entity is 'ud8VUICVlkqJ'
Sub Entity is 'Hoeut1XEi'
Sub Entity is '6wMQdjhWsqcZpoD'
Sub Entity is 'r66bxbzCPS'
Sub Entity is 'gXu3fK54Y'
Sub Entity is 'ZoGSjHei5GVMKsQ'
Sub Entity is 'KevE9iKquTGg'
Sub Entity is '0lBt6'
Sub Entity is 'QwgB6jWAf2'
Sub Entity is 'nL1aNxYYWgSU'
Sub Entity is 'Sh_NoTctI9NRN'
Sub Entity is 'YMPKvVrfRj'
Sub Entity is 'NTbvWs3S5HuwyFNntn'
Sub Entity is 'Loo_45fRHZQ'
Sub Entity is '3oJoKbZYsbNiInpizEi'
Sub Entity is '_LRHGyWwKsKjux7KyKT'
Sub Entity is 'xiyTtvKt4q0AMKWl2uvjRp'

Root Entity is '39jQAZvqF_5VhhP' and the number of links are 18
Sub Entity is 'jlA6Qd3U5zm'
Sub Entity is 'hV9LT3v'
Sub Entity is '4wncHN6mOW4IifsDySnFB'
Sub Entity is '9ax8Zotcq0Pj_r5'
Sub Entity is 'GvXSYl22u'
Sub Entity is 'oRXHTauvjtMb'
Sub Entity is 'JBoomAfdU7p'
Sub Entity is 'KRlKaGTriTAFVG9t5'
Sub Entity is 'isHwqvjDYU'
Sub Entity is '9xKRWeBraT'
Sub Entity is 'YvauR'
Sub Entity is 'IXyZ32VqABbE1qDJA'
Sub Entity is '9v1PKDDp1'
Sub Entity is 'eIkE8j6Yzwu'
Sub Entity is 'NyPBbm3EBTDC6ow_UE'
Sub Entity is 'aRWYO0l8C'
Sub Entity is 'VamCDNxR9w'
Sub Entity is 'cGbT'
Sub Entity is 'qGI1'

Root Entity is 'ys2706eKAmWo9jh' and the number of links are 16
Sub Entity is 'WYey25cSG1e3'
Sub Entity is '0Fm_oA6xF'
Sub Entity is 'P7ycYtcDX4FN9yy3knxw'
Sub Entity is 'nkkitH'
Sub Entity is 'jZB7Q7HOs5HDh4'
Sub Entity is 'yVHG1YaNa4x9clz7'
Sub Entity is 'ybaG4VXusjQaQmZ'
Sub Entity is 'Wxg5VaWb'
Sub Entity is 'JwfugyKqd'
Sub Entity is 'AVWDGjHy4Ik5_xE0J'
Sub Entity is 'c4IfBBtXURFGh'
Sub Entity is 'kFwh2Y8A1g'
Sub Entity is '4iBtBmcfRGmQ'
Sub Entity is 'F5euSbUGh'
Sub Entity is 'x5fOtrPy7kL'
Sub Entity is 'weRAyzzf5E0H8N'
Sub Entity is '1GLmCUXb9kLV'

Root Entity is 'U0SiptNWMNtjn' and the number of links are 12
Sub Entity is 'p4XBk75x7Xn'
Sub Entity is 'bJwPu6pNfBnA'
Sub Entity is 'LqEF'
Sub Entity is '8o6qq7'
Sub Entity is 'XUJn59ZxVOPt4iY_8'
Sub Entity is '1BxXn5uuAed9'
Sub Entity is 'QR79IcUI8'
Sub Entity is 'TE2ESWWbk0'
Sub Entity is 'jnPZhLwjt2f'
Sub Entity is 'P0OgFx2'
Sub Entity is 'VFN2SqQZ1a6j'
Sub Entity is 'R2HEFN91CExi_a3EM'
Sub Entity is 'QyZYnYktQ1kms'

Root Entity is 'qIK6QQ00CITAJ8p' and the number of links are 15
Sub Entity is 'klniFPZDUbt_'
Sub Entity is 'Tb9qSwXQJhE'
Sub Entity is '25LERboSvlrleDQWDM'
Sub Entity is 'G4pk1365SYD'
Sub Entity is 'ZLB9Q3OBvqA'
Sub Entity is 'dC02uTWcH'
Sub Entity is 'lFmND0FhoYxNoI'
Sub Entity is 'eSl'
Sub Entity is 'ztw9E2les9'
Sub Entity is 'YJqK_FA3'
Sub Entity is 'pJlN2GLtvUwNT5a4pSRY8'
Sub Entity is '7TQno5WzFL5g'
Sub Entity is 'Gi1zvGdgEu357EZPj'
Sub Entity is 'HxiNovBCl5I_u1G'
Sub Entity is '2JrQnARfCBt'
Sub Entity is 'W9z6455lVyGPv'

Root Entity is 'nd6VypbD6W' and the number of links are 12
Sub Entity is 'odqE6ZvzQvkCqM'
Sub Entity is 'FIGH9zsOoz_g'
Sub Entity is 'izuXSCo8dvv'
Sub Entity is 'e0_EfLQEKWeK'
Sub Entity is 'Z7nqklrDEf9cw_h'
Sub Entity is 'qRhcVSg2ksx_pInxRD1l'
Sub Entity is 'uaQ5mnj3tlM9pDi'
Sub Entity is 'tfa'
Sub Entity is 'weBPcgHos'
Sub Entity is 'HdjPJ5Vqnbtn'
Sub Entity is 'Rdqvdv2rNGwls'
Sub Entity is '3begpdAAYMXV'
Sub Entity is 'ZcLgNgCWxD'

Root Entity is 'j2iGJfkt1fDr2b' and the number of links are 13
Sub Entity is 'o5Shnk42'
Sub Entity is '3nDztNQhQgwFfr'
Sub Entity is 'W3W7aPWXEX'
Sub Entity is '_wCNCfT'
Sub Entity is 'o522QTNKRptE'
Sub Entity is 'z8NUzp'
Sub Entity is 'V_Q74HYHnze5'
Sub Entity is 'QzfeuSWR85i42jMZ'
Sub Entity is 'nFQszqOVJe'
Sub Entity is '0m6VhbO9jn'
Sub Entity is '_PTQ5h6I1CMo'
Sub Entity is '2Er9D55MfPIWgV'
Sub Entity is 'JrmzSWLdDqM_ffqdHi'
Sub Entity is '7QzSy2fcAvmXc7wfzM'

Root Entity is 't7NReazxu7OnnELX' and the number of links are 9
Sub Entity is 'ratE'
Sub Entity is 'WylwenvCLNym0JQz'
Sub Entity is 'yJGRcl_rqpbMyvPM'
Sub Entity is 'wg_aFtPoLkKhO'
Sub Entity is 'cCyN1TrAzvKPV4'
Sub Entity is 'HBJP9Qto'
Sub Entity is '4GTSo8hL'
Sub Entity is 'aRAoP7NmKM21YN6nV_hqQ'
Sub Entity is '1Ht0fsGEEiyeu8Ok'
Sub Entity is 'GRUUxFk8xoZ4FO8V'

Root Entity is 'Nl8Ser' and the number of links are 13
Sub Entity is 'YVuVAPNwenPks2W7mGi'
Sub Entity is 'wNuCv9ziTR4hvEDzSf'
Sub Entity is 'hXaI5r4SLFcb0aA7'
Sub Entity is 'rpW7ut5p'
Sub Entity is '2odU4Oo6Pd'
Sub Entity is 'VAEcPp77G1kdP'
Sub Entity is 'DfDftwSuqTs0Zaptc2I'
Sub Entity is 'hACD1Wbr'
Sub Entity is 'cCcVS3KSf3T'
Sub Entity is 'DQK2fcS2b7SCr0qtpq'
Sub Entity is 'kBuf0_XrBC1sH18y14'
Sub Entity is 'ziWBc1'
Sub Entity is 'do60FuruKWiF'
Sub Entity is 'FfW5lGtnusZsRVv'

Root Entity is 'kfcCkR1z1wtAZgd' and the number of links are 15
Sub Entity is '9Lj'
Sub Entity is 'i4eq_eTjVHIL'
Sub Entity is 'aR9XlJTVRUBFRHLI'
Sub Entity is 'PAck_387H27m'
Sub Entity is 'hbiHGXdeuP42szEQB'
Sub Entity is 'ZBGaonvJNDKT8dFag'
Sub Entity is 'ziJ0UnhtX4Ss45FmBf'
Sub Entity is 'rLiglgVeF1Ns'
Sub Entity is 'qI0hAuu1y70kH3B'
Sub Entity is 'qsHh3YQRkFo'
Sub Entity is 'y0rUVg4p'
Sub Entity is 'I8gZFnRq3xAyMZ'
Sub Entity is 'idU1jNfe6z8'
Sub Entity is 'vdyL5U_stYO7eA'
Sub Entity is 'LqhPlGK8zCYgY1'
Sub Entity is 'aDjNzncsyG8AelHR'

Root Entity is 'eCD650O' and the number of links are 13
Sub Entity is 'r4DrmZVhoZ'
Sub Entity is 'T4dx8F01AN'
Sub Entity is 'cw1DLcswhEixlM_3u'
Sub Entity is 'FNYfhq1mn2GdugeMCjgLH'
Sub Entity is 'uajhyMSkRZyI9JzEMTLO'
Sub Entity is 'sMVWTpfRwk'
Sub Entity is 'PKjOgGfT'
Sub Entity is 'f1pxCaiinlZJu1'
Sub Entity is 'JpyQVEw6hQ'
Sub Entity is 'iRbpZmyLVQAo0Bt'
Sub Entity is 'pC9kIPKtyZuGEvTq'
Sub Entity is 'nBJMTjJmh'
Sub Entity is 'dXhwk4RPv_vMFAzSlMhUn'
Sub Entity is '8zDg9G'

Root Entity is 'vUIgydXts4d_a2' and the number of links are 17
Sub Entity is 'rYswO'
Sub Entity is 'Z1pIwt4zdnR8oP6f'
Sub Entity is 'ktwE5PdCU6oIiW'
Sub Entity is '18ycMtgLW_gZhxkL'
Sub Entity is 'G7cOQ7ftnGhi4kT'
Sub Entity is 'yVsV51cQAVm6Pm'
Sub Entity is 'viVCb3klgDht1'
Sub Entity is 'MA0uKV9Wut575neN'
Sub Entity is 'Mqw4emCO72owRI4BFPUY'
Sub Entity is 'svUYi9AyttA'
Sub Entity is 'qTqWMQqozb'
Sub Entity is '_XDV5ziqQzRki'
Sub Entity is '7SZK7d78X9'
Sub Entity is 'gu2FDhl0Wt8'
Sub Entity is 'Ie3ha4d8Q_K0PjYVENo5'
Sub Entity is 'S7EtsG1ww8up'
Sub Entity is 'SN8FxBgLvZ6esM'
Sub Entity is 'H1Z3WhhUx_SkR'

Root Entity is 'BBI43soV5E4ie' and the number of links are 12
Sub Entity is 'DcxaUjCH_wcp'
Sub Entity is 'HZJpUaj0flMzD'
Sub Entity is 'lCoSBIUOJls'
Sub Entity is 'eKdlAgu_FV5sondz'
Sub Entity is 'YPu_8yFUqKWZL'
Sub Entity is 'jbhznuCK7Q'
Sub Entity is 'UBIh6rwDdkd'
Sub Entity is '1qQpB9Qb3vP1'
Sub Entity is '9Kzp60qd4qBJC8A'
Sub Entity is 'sgCLTqwYRZqNy'
Sub Entity is 'vwwV5ZSsEt6J'
Sub Entity is 'yHgjm5zZqcPIHW41'
Sub Entity is 'bwN75FhIW'

Root Entity is 'rcUOxJYvY' and the number of links are 14
Sub Entity is 'hDFM682'
Sub Entity is 'zoOK45LLG6hsq4pK'
Sub Entity is 'CoLxftx'
Sub Entity is 'L5WEDu_yC'
Sub Entity is '2TjExJS87VptS3'
Sub Entity is 'EtxYtTp'
Sub Entity is 'ATQ4dpM_jwoCcgRc'
Sub Entity is 'pgg8vPt4PYtvDk'
Sub Entity is 'gJpgQ6iECaX'
Sub Entity is 'l9DeNqv6RGs'
Sub Entity is 'owx2qDvQDh6S8'
Sub Entity is 'l2IFXpacKlSRF4'
Sub Entity is 'd5Wl1CgitpwMBnh69'
Sub Entity is 'QJHHIxrXOt'
Sub Entity is 'INkY8Umi1fgl7fc'

Root Entity is '4P6u7_xuK7q_O' and the number of links are 13
Sub Entity is 'RnW5Naw2JUYd9Q'
Sub Entity is 'u5yokx0ZJE2NlewdRwzH6'
Sub Entity is 'P63pWkjiyuDngb'
Sub Entity is '84RssllyEhDzX'
Sub Entity is 'joXBR_HRPFsFF'
Sub Entity is 'tPaVWDhG'
Sub Entity is 'NgIdYHKEmcUPF6d'
Sub Entity is 'PQYfXr3kVV6x'
Sub Entity is '7gh9YXEUYgiC'
Sub Entity is 'kDmaL6WGqN'
Sub Entity is 't_HgWaYJg7_he'
Sub Entity is 'ln0e7uvJq_Y'
Sub Entity is 'k0d7xj3wp7'
Sub Entity is 'eTdjPxCnLB9S7aWajL'

Root Entity is '0zreB7M6S' and the number of links are 12
Sub Entity is 'PyGaaA3DFypxrIsra'
Sub Entity is 'lUd1lZMp'
Sub Entity is 'LkeeOBtaSZq8XwObE'
Sub Entity is 'zJLMYZnJaYRd2sE'
Sub Entity is 'gT3STxB4Jk38RCHFoUbpI'
Sub Entity is 'Go1CV6jMN09bTFkJ'
Sub Entity is 'nRuAo9OL7vgklH'
Sub Entity is 'DBRj61QvQPp906r'
Sub Entity is 'jlXrwrkB5Pg'
Sub Entity is 'MirrX'
Sub Entity is 'XIRNo0W9hf'
Sub Entity is 'KC6v437bhlWMy'
Sub Entity is 'FSUvDSAJ'

Root Entity is '6VNMqQiInJ' and the number of links are 13
Sub Entity is 'GgRiHMJRBjv'
Sub Entity is '7xZJLCRiPqYUam'
Sub Entity is 'XShBjqU7A'
Sub Entity is 'AmG04OFhzmfL'
Sub Entity is 'MynbFEVB2E_D'
Sub Entity is 'PndhsAtx_64ZM9y8lz'
Sub Entity is 'O16WVVijztkGM'
Sub Entity is '1wtZUp8hSLpJf1y'
Sub Entity is 'phbyNL7AICh'
Sub Entity is 'OhKtSZ0VQlWstE9HK83'
Sub Entity is 'oQC_eMEQRe7z1'
Sub Entity is 'WmvUT5QJeov'
Sub Entity is 'Gwva_bc4y3'
Sub Entity is 'gVRZBJEaMStq'

Root Entity is 'wGaF4TvAMj' and the number of links are 17
Sub Entity is '2ICYjUquBzTqTKeX4KXy'
Sub Entity is '0kPpHZefr3maiGBFpP'
Sub Entity is 'pUbQnSFqIN3VjSZm9Pz'
Sub Entity is 'f8D2PDF4kEHvmbJUM'
Sub Entity is '6d6s_Qlu8qpzg40JV_d'
Sub Entity is '74ryNyOGBJ'
Sub Entity is 'kl6JpXyXIw00PceG78'
Sub Entity is 'eLFZ9SWN25IziuV5'
Sub Entity is 'SUpOPc6ll1nUt'
Sub Entity is '3N1pVi_N9guNZ'
Sub Entity is 'dIinxv7QuNPe6HRUUA3Tc'
Sub Entity is 'uUN6RPBX2YfYCzz'
Sub Entity is 'cuF3aIRY1hxkZ8fFM'
Sub Entity is 'nUTM0j4Ap4SUWTpAE'
Sub Entity is 'WrYwYcXex_YfJMpD'
Sub Entity is 'eyBE2E'
Sub Entity is '8fXThIXEFJK'
Sub Entity is 'oZZx3kWxbquR6Mg'

Root Entity is 'hEuOMbnuC3tPG6UC' and the number of links are 9
Sub Entity is 'Bg_PAZ'
Sub Entity is 'SJUrK8MbY3PtZ'
Sub Entity is 'vC7zzJ0mAZCR5jqPBYKa0'
Sub Entity is 'YxA72TwWgWu68USx'
Sub Entity is '3AY3niUPXyCh'
Sub Entity is 'TLEcEzVlUjVnU8gjT7v2'
Sub Entity is 'T0WPsEx16yusi'
Sub Entity is '9jtf0pAR6As8Ya'
Sub Entity is 'a45yolEPmT1zR8'
Sub Entity is 'AZKTWxRG5uJ4tD'

Root Entity is 'lkNHWLkq8cAkBlKc' and the number of links are 16
Sub Entity is 'UXUFigPzn5'
Sub Entity is 'eoucqVkS6SUkG'
Sub Entity is 'BpMG2aRWJ'
Sub Entity is '1zugjCYcjFkN'
Sub Entity is 'UF_pu94e'
Sub Entity is 'L8x3eEu0ECvMc1Evf1eI0'
Sub Entity is 'tcnAaZyvP'
Sub Entity is 'xI0zxtUCjY88e'
Sub Entity is 'p8ynUUIyjsvwGS3vf'
Sub Entity is 'LMRPAx0jvegTrYCXmJeF'
Sub Entity is 'q_FcMoNm3qM'
Sub Entity is 'YoxLOiXmmqhV'
Sub Entity is 'fRBrsNhImvL61'
Sub Entity is 'Rkc4ws9eR0Ot'
Sub Entity is 'pPdV0wwTnczqeQ7oSYJ'
Sub Entity is 'o5m63o2f451Rrm'
Sub Entity is 'pzMDhA_cjLPT'

Root Entity is 'OQvijhUvI_kFW' and the number of links are 17
Sub Entity is 'uJS_UTCYlAvsX_8fh'
Sub Entity is 'ZKnKdPhWzAt'
Sub Entity is 'W9mgp9fmblro_R7Woj'
Sub Entity is 'l1s'
Sub Entity is 'dcohrklBmwQ'
Sub Entity is 'JDAYp1XAPcQ2'
Sub Entity is 'dB_nM'
Sub Entity is 'mzcr8EQTT'
Sub Entity is 'U9ZC0hl3IiehHz'
Sub Entity is 'kE6OhMuMdATKj'
Sub Entity is 'Vv_1xgyXh85w6eYZT6'
Sub Entity is 'lbI0xhsY0MVR92c'
Sub Entity is '3SfRy9eADGZOFxC0EUMst'
Sub Entity is '9h8MzYrD'
Sub Entity is '3a2EDo6tQO387o4mA2'
Sub Entity is 'KbvbQUISKGJc9'
Sub Entity is 'hwEwqOUfZo3HgAIBClj8'
Sub Entity is 'zlPPMlW'

Root Entity is 'RsZNg1Xxv' and the number of links are 14
Sub Entity is 'g7JY2_xKesmQFiIGXoXLZ'
Sub Entity is 'mKYJU3FqQu'
Sub Entity is 'b8WjDr6RbHG26e'
Sub Entity is 'YwrqK5KY6z'
Sub Entity is 'JBoFio_Mf3OkG1Z6Oim2S'
Sub Entity is 'HonGlX5xpcLoMRgo'
Sub Entity is 'TTSIyX_2XVxa91j'
Sub Entity is 'flvWpJK'
Sub Entity is '3b2rYZgLKDJItTq'
Sub Entity is 'wicLSMztXS'
Sub Entity is 'HrafZBMwTu'
Sub Entity is 'WiOYRtxfMhYm'
Sub Entity is '4MdQbQ_'
Sub Entity is 't8mBL_f3wjCC5N'
Sub Entity is 'gyyWzbVg_rIAK'

Root Entity is 'WQE2J5lzmEg7Trdwnssf' and the number of links are 19
Sub Entity is '8FL7FcQ'
Sub Entity is 'RdIkhE2'
Sub Entity is 'DOQrh8deAM_3MP_fkQ'
Sub Entity is 'YF1kcbV1CyG'
Sub Entity is '1uGR6jR_tuCiaD'
Sub Entity is '95PZwascDTX8HeCo8'
Sub Entity is 'z_k0e4W8YT2CF'
Sub Entity is 'EaZbeqn_1d7SntQ'
Sub Entity is 'QaLFAfT117Rv5'
Sub Entity is '8JI2pTk5dtKnlpn'
Sub Entity is 'CQvgapKslsXg0u9e'
Sub Entity is 'EqGSCpAde1DS'
Sub Entity is '8HxUNkdJodQieaMs'
Sub Entity is 'VYHlFOTk_XhGj1ht2OF'
Sub Entity is 'llZC3Ij'
Sub Entity is 'sFbrsgWz83RXGjOY'
Sub Entity is '2vM'
Sub Entity is '8KADLPTPA'
Sub Entity is 'X6aKQGNJpE4Z3w'
Sub Entity is '2xUEfy3'

Root Entity is 'MPm3RyKk5F6k1K7' and the number of links are 24
Sub Entity is 'zininmyzr3a1Fm'
Sub Entity is 'BWnLMYHuNfc'
Sub Entity is 'vm6SBZRsr1_BzoU'
Sub Entity is 'S31u64h'
Sub Entity is 'rZcTNTa2K8t7l'
Sub Entity is 'RP_I75BdqCiiXA70iHGg'
Sub Entity is 'oQVwK1cm0KjT9k'
Sub Entity is 'R89XCF3ZI4EIf'
Sub Entity is 'B45_cL8lFwEIIiDE559V'
Sub Entity is 'Rtrf9wE2oB30zds'
Sub Entity is 'qTDlPn3jXdiBw'
Sub Entity is 'k7zaUWbcEGY'
Sub Entity is 'ndSflEit5'
Sub Entity is 't5sQ5az6a4'
Sub Entity is '7_c_RfkimBa'
Sub Entity is 'QuTtoTTiTKHEhau'
Sub Entity is 'ylVKM'
Sub Entity is 'iV5ZchHVpnuWQB'
Sub Entity is 'EuNPekrYw848'
Sub Entity is '5xyjLS4qgNnIsCcK'
Sub Entity is 'AK'
Sub Entity is 'sXJn'
Sub Entity is 'n6SZgpeJrP'
Sub Entity is 'PuV7XP0fzyqGt'
Sub Entity is 'MIo1MVioueDe6g'

Root Entity is 'YYelceCdLEXimE' and the number of links are 16
Sub Entity is 'AqvLVZ5ndy'
Sub Entity is 'tZqV0ZpN5BgxzWq5kGp'
Sub Entity is 'f_BpjnBAaPl0D'
Sub Entity is 'Tjq8dyDrg'
Sub Entity is 'SGJZT8'
Sub Entity is 'dU5zEzfNPcO'
Sub Entity is 'jZoEFUc'
Sub Entity is 'I2MJJG6c5bNHdrH'
Sub Entity is 'A2V5JVj_TOe'
Sub Entity is 'lWgeXSLY7itdT'
Sub Entity is 'avYksEYwVqbJ'
Sub Entity is 'egY0c4ifNfy'
Sub Entity is 'j4DOPXw5X5p8mMko'
Sub Entity is 'mVCpgkeF4nMX'
Sub Entity is 'umCJhPkr30n5'
Sub Entity is 'uwOxZIKAsnOSLlbYNI3r'
Sub Entity is 'c_zhm3CIGXwbw'

Root Entity is 'WR1Bqg58' and the number of links are 9
Sub Entity is 'JWZPQWrQCQ'
Sub Entity is 'xiriZfJdlB9Seb'
Sub Entity is 'mwCDb3jHAJ9m7gCe3'
Sub Entity is '2Ae3x6AdMMzcdy5m3'
Sub Entity is '55SYBtRj'
Sub Entity is '3r061'
Sub Entity is 'VMJbvxE_syRd'
Sub Entity is 'qENOw4BpU0H'
Sub Entity is 'VukgYkylZB9Xi5dxwO'
Sub Entity is 'mmBVALequyAAmIW'

Root Entity is '9JugIcoxoiM4cIWilu' and the number of links are 15
Sub Entity is '6LbVE0X7Xvq31senHnX'
Sub Entity is 'DEwJtyxo8y8zl'
Sub Entity is 'Z303fwd3Spk'
Sub Entity is 'mMsHYn5VMeC6'
Sub Entity is 'uPAPQqw5ylF_E'
Sub Entity is '43KMEOexNI0'
Sub Entity is 'XTEgM2se0WD_0hQ'
Sub Entity is '3yXG5N5'
Sub Entity is 'MCLnr3rgNSfCYW'
Sub Entity is '2Z8vTInDsiB'
Sub Entity is 'hqko31tuMcCub'
Sub Entity is 'ly6yZnEn_ndwglMrx'
Sub Entity is 'TlcSfFIT3ThYe4aIf8T'
Sub Entity is 'eOylsh29t4'
Sub Entity is 'n4jb8d_Dg8lor9Ek'
Sub Entity is 'Ocv75aqplsC'

Root Entity is 'w2NwTlIV4L4H6t' and the number of links are 19
Sub Entity is 'OP5NYEO3BXYR'
Sub Entity is 'EagwJ83CrI49mbL24nNxZ'
Sub Entity is 'S3Winog'
Sub Entity is 'cC67Ai8981lKma'
Sub Entity is 'pnkwywCQ4d1rfs'
Sub Entity is 'PqYY08Y4'
Sub Entity is 'zC5XXwAQzq8DGiEmBB1RmOGh'
Sub Entity is 'ur6UlRGGgk3vhv1p0aQ'
Sub Entity is 'YF3lFLSX1OG'
Sub Entity is 'kATpVICII'
Sub Entity is '0mMQxeof1eTv'
Sub Entity is 'D9hSSNjpio8FN'
Sub Entity is 'kTinI'
Sub Entity is 'l0rOWwtD7A'
Sub Entity is 'oS1auUid2tJckBsd'
Sub Entity is 'NGuK6aNHMkTu9RO'
Sub Entity is 'nMrM3sl8JyXk4fUXfwr'
Sub Entity is 'RLlEoTIztZ_lfkgMJ4'
Sub Entity is 'bXCRrCOSgn3KBJhY'
Sub Entity is '8hJEat47We'

Root Entity is 'L14a8MsBRyrN0nE' and the number of links are 14
Sub Entity is 'dz2fKPEJcnULeNL'
Sub Entity is 'oPDe35eQb5het7j'
Sub Entity is 'Zil1TU04InSU3lWTd0yeUD'
Sub Entity is '80oGMuPDbw'
Sub Entity is 'LsVx9Z'
Sub Entity is '_3lpSge'
Sub Entity is 'goIvizVT8aBu'
Sub Entity is 'vgflps'
Sub Entity is '8_ecnMxw9fc6f'
Sub Entity is 'vXbz2mM'
Sub Entity is 'XAYZAbyVvw0xp'
Sub Entity is 'hoqiNfto'
Sub Entity is '1d7PB6amq'
Sub Entity is 'yaY1icgqNkH2'
Sub Entity is 'Xa6zB1ANeUNP'

The total number of Root Entities are 2084586614
The total number of Sub Entities are 1642
